<?xml version="1.0" encoding="UTF-8"?>
<testng-results ignored="0" total="1" passed="1" failed="0" skipped="0">
  <reporter-output>
  </reporter-output>
  <suite started-at="2021-03-15T19:14:33 EDT" name="Default suite" finished-at="2021-03-15T19:14:33 EDT" duration-ms="89">
    <groups>
    </groups>
    <test started-at="2021-03-15T19:14:33 EDT" name="Default test" finished-at="2021-03-15T19:14:33 EDT" duration-ms="89">
      <class name="com.bit.test.test">
        <test-method signature="test1()[pri:0, instance:com.bit.test.test@55b53d44]" started-at="2021-03-15T19:14:33 EDT" name="test1" finished-at="2021-03-15T19:14:33 EDT" duration-ms="16" status="PASS">
          <reporter-output>
          </reporter-output>
        </test-method> <!-- test1 -->
      </class> <!-- com.bit.test.test -->
    </test> <!-- Default test -->
  </suite> <!-- Default suite -->
</testng-results>
